<?xml version="1.0" encoding="UTF-8"?>
<coverage generated="1755882467939" clover="3.2.0">
  <project timestamp="1755882467939" name="All files">
    <metrics statements="55" coveredstatements="53" conditionals="25" coveredconditionals="23" methods="12" coveredmethods="12" elements="92" coveredelements="88" complexity="0" loc="55" ncloc="55" packages="1" files="1" classes="1"/>
    <file name="client.ts" path="/Users/ontech7/Documents/PersonalProjects/figma-node-query/src/client.ts">
      <metrics statements="55" coveredstatements="53" conditionals="25" coveredconditionals="23" methods="12" coveredmethods="12"/>
      <line num="1" count="1" type="stmt"/>
      <line num="9" count="1" type="stmt"/>
      <line num="10" count="1" type="stmt"/>
      <line num="12" count="1" type="stmt"/>
      <line num="14" count="1" type="stmt"/>
      <line num="19" count="7" type="stmt"/>
      <line num="22" count="7" type="stmt"/>
      <line num="24" count="7" type="cond" truecount="2" falsecount="0"/>
      <line num="25" count="3" type="stmt"/>
      <line num="28" count="7" type="cond" truecount="2" falsecount="0"/>
      <line num="29" count="1" type="stmt"/>
      <line num="32" count="6" type="stmt"/>
      <line num="36" count="7" type="stmt"/>
      <line num="40" count="2" type="stmt"/>
      <line num="44" count="1" type="stmt"/>
      <line num="48" count="1" type="stmt"/>
      <line num="52" count="6" type="stmt"/>
      <line num="53" count="6" type="stmt"/>
      <line num="57" count="6" type="stmt"/>
      <line num="58" count="6" type="stmt"/>
      <line num="59" count="6" type="stmt"/>
      <line num="61" count="6" type="cond" truecount="4" falsecount="0"/>
      <line num="62" count="1" type="stmt"/>
      <line num="65" count="5" type="stmt"/>
      <line num="70" count="5" type="cond" truecount="1" falsecount="1"/>
      <line num="71" count="0" type="stmt"/>
      <line num="74" count="5" type="stmt"/>
      <line num="76" count="5" type="stmt"/>
      <line num="77" count="5" type="stmt"/>
      <line num="79" count="5" type="stmt"/>
      <line num="81" count="5" type="stmt"/>
      <line num="85" count="34" type="stmt"/>
      <line num="87" count="34" type="cond" truecount="2" falsecount="0"/>
      <line num="88" count="4" type="stmt"/>
      <line num="89" count="6" type="stmt"/>
      <line num="91" count="30" type="cond" truecount="4" falsecount="0"/>
      <line num="92" count="10" type="stmt"/>
      <line num="94" count="10" type="cond" truecount="4" falsecount="0"/>
      <line num="95" count="4" type="stmt"/>
      <line num="98" count="10" type="stmt"/>
      <line num="99" count="26" type="stmt"/>
      <line num="103" count="34" type="stmt"/>
      <line num="117" count="8" type="stmt"/>
      <line num="118" count="8" type="stmt"/>
      <line num="119" count="8" type="stmt"/>
      <line num="123" count="1" type="stmt"/>
      <line num="124" count="1" type="stmt"/>
      <line num="125" count="1" type="cond" truecount="1" falsecount="1"/>
      <line num="126" count="1" type="stmt"/>
      <line num="129" count="0" type="stmt"/>
      <line num="133" count="1" type="stmt"/>
      <line num="134" count="1" type="stmt"/>
      <line num="135" count="1" type="stmt"/>
      <line num="137" count="1" type="stmt"/>
      <line num="143" count="4" type="cond" truecount="2" falsecount="0"/>
    </file>
  </project>
</coverage>
