{"/Users/ontech7/Documents/PersonalProjects/figma-node-query/src/client.ts": {"path":"/Users/ontech7/Documents/PersonalProjects/figma-node-query/src/client.ts","statementMap":{"0":{"start":{"line":1,"column":0},"end":{"line":1,"column":23}},"1":{"start":{"line":9,"column":20},"end":{"line":9,"column":26}},"2":{"start":{"line":10,"column":39},"end":{"line":10,"column":48}},"3":{"start":{"line":12,"column":22},"end":{"line":12,"column":48}},"4":{"start":{"line":19,"column":25},"end":{"line":19,"column":36}},"5":{"start":{"line":22,"column":4},"end":{"line":22,"column":27}},"6":{"start":{"line":24,"column":4},"end":{"line":26,"column":5}},"7":{"start":{"line":25,"column":6},"end":{"line":25,"column":22}},"8":{"start":{"line":28,"column":4},"end":{"line":30,"column":5}},"9":{"start":{"line":29,"column":6},"end":{"line":29,"column":46}},"10":{"start":{"line":32,"column":4},"end":{"line":32,"column":41}},"11":{"start":{"line":36,"column":4},"end":{"line":36,"column":18}},"12":{"start":{"line":40,"column":4},"end":{"line":40,"column":21}},"13":{"start":{"line":44,"column":4},"end":{"line":44,"column":26}},"14":{"start":{"line":48,"column":4},"end":{"line":48,"column":30}},"15":{"start":{"line":52,"column":17},"end":{"line":52,"column":45}},"16":{"start":{"line":53,"column":4},"end":{"line":53,"column":69}},"17":{"start":{"line":57,"column":16},"end":{"line":57,"column":43}},"18":{"start":{"line":58,"column":16},"end":{"line":58,"column":26}},"19":{"start":{"line":59,"column":19},"end":{"line":59,"column":33}},"20":{"start":{"line":61,"column":4},"end":{"line":63,"column":5}},"21":{"start":{"line":62,"column":6},"end":{"line":62,"column":25}},"22":{"start":{"line":65,"column":16},"end":{"line":67,"column":null}},"23":{"start":{"line":70,"column":4},"end":{"line":72,"column":5}},"24":{"start":{"line":71,"column":6},"end":{"line":71,"column":67}},"25":{"start":{"line":74,"column":17},"end":{"line":74,"column":33}},"26":{"start":{"line":76,"column":4},"end":{"line":76,"column":31}},"27":{"start":{"line":77,"column":4},"end":{"line":77,"column":43}},"28":{"start":{"line":79,"column":4},"end":{"line":79,"column":45}},"29":{"start":{"line":81,"column":4},"end":{"line":81,"column":16}},"30":{"start":{"line":85,"column":32},"end":{"line":85,"column":34}},"31":{"start":{"line":87,"column":4},"end":{"line":101,"column":5}},"32":{"start":{"line":88,"column":6},"end":{"line":90,"column":7}},"33":{"start":{"line":89,"column":8},"end":{"line":89,"column":60}},"34":{"start":{"line":91,"column":11},"end":{"line":101,"column":5}},"35":{"start":{"line":92,"column":18},"end":{"line":92,"column":36}},"36":{"start":{"line":94,"column":6},"end":{"line":96,"column":7}},"37":{"start":{"line":95,"column":8},"end":{"line":95,"column":26}},"38":{"start":{"line":98,"column":6},"end":{"line":100,"column":7}},"39":{"start":{"line":99,"column":8},"end":{"line":99,"column":76}},"40":{"start":{"line":103,"column":4},"end":{"line":103,"column":19}},"41":{"start":{"line":14,"column":0},"end":{"line":14,"column":13}},"42":{"start":{"line":117,"column":4},"end":{"line":117,"column":23}},"43":{"start":{"line":118,"column":4},"end":{"line":118,"column":25}},"44":{"start":{"line":119,"column":4},"end":{"line":119,"column":25}},"45":{"start":{"line":123,"column":4},"end":{"line":128,"column":5}},"46":{"start":{"line":124,"column":20},"end":{"line":124,"column":43}},"47":{"start":{"line":125,"column":6},"end":{"line":127,"column":7}},"48":{"start":{"line":126,"column":8},"end":{"line":126,"column":70}},"49":{"start":{"line":129,"column":4},"end":{"line":129,"column":58}},"50":{"start":{"line":133,"column":28},"end":{"line":133,"column":30}},"51":{"start":{"line":134,"column":4},"end":{"line":136,"column":5}},"52":{"start":{"line":135,"column":6},"end":{"line":135,"column":48}},"53":{"start":{"line":137,"column":4},"end":{"line":137,"column":60}},"54":{"start":{"line":143,"column":4},"end":{"line":143,"column":68}}},"fnMap":{"0":{"name":"(anonymous_0)","decl":{"start":{"line":21,"column":2},"end":{"line":21,"column":14}},"loc":{"start":{"line":21,"column":43},"end":{"line":33,"column":3}}},"1":{"name":"(anonymous_1)","decl":{"start":{"line":35,"column":2},"end":{"line":35,"column":8}},"loc":{"start":{"line":35,"column":19},"end":{"line":37,"column":3}}},"2":{"name":"(anonymous_2)","decl":{"start":{"line":39,"column":2},"end":{"line":39,"column":13}},"loc":{"start":{"line":39,"column":16},"end":{"line":41,"column":3}}},"3":{"name":"(anonymous_3)","decl":{"start":{"line":43,"column":2},"end":{"line":43,"column":13}},"loc":{"start":{"line":43,"column":21},"end":{"line":45,"column":3}}},"4":{"name":"(anonymous_4)","decl":{"start":{"line":47,"column":2},"end":{"line":47,"column":13}},"loc":{"start":{"line":47,"column":25},"end":{"line":49,"column":3}}},"5":{"name":"(anonymous_5)","decl":{"start":{"line":51,"column":9},"end":{"line":51,"column":14}},"loc":{"start":{"line":51,"column":34},"end":{"line":54,"column":3}}},"6":{"name":"(anonymous_6)","decl":{"start":{"line":56,"column":10},"end":{"line":56,"column":15}},"loc":{"start":{"line":56,"column":40},"end":{"line":82,"column":3}}},"7":{"name":"(anonymous_7)","decl":{"start":{"line":84,"column":10},"end":{"line":84,"column":18}},"loc":{"start":{"line":84,"column":49},"end":{"line":104,"column":3}}},"8":{"name":"(anonymous_8)","decl":{"start":{"line":112,"column":2},"end":{"line":112,"column":null}},"loc":{"start":{"line":115,"column":17},"end":{"line":120,"column":3}}},"9":{"name":"(anonymous_9)","decl":{"start":{"line":122,"column":2},"end":{"line":122,"column":5}},"loc":{"start":{"line":122,"column":18},"end":{"line":130,"column":3}}},"10":{"name":"(anonymous_10)","decl":{"start":{"line":132,"column":2},"end":{"line":132,"column":8}},"loc":{"start":{"line":132,"column":21},"end":{"line":138,"column":3}}},"11":{"name":"(anonymous_11)","decl":{"start":{"line":142,"column":2},"end":{"line":142,"column":8}},"loc":{"start":{"line":142,"column":8},"end":{"line":144,"column":3}}}},"branchMap":{"0":{"loc":{"start":{"line":24,"column":4},"end":{"line":26,"column":5}},"type":"if","locations":[{"start":{"line":24,"column":4},"end":{"line":26,"column":5}},{"start":{},"end":{}}]},"1":{"loc":{"start":{"line":28,"column":4},"end":{"line":30,"column":5}},"type":"if","locations":[{"start":{"line":28,"column":4},"end":{"line":30,"column":5}},{"start":{},"end":{}}]},"2":{"loc":{"start":{"line":61,"column":4},"end":{"line":63,"column":5}},"type":"if","locations":[{"start":{"line":61,"column":4},"end":{"line":63,"column":5}},{"start":{},"end":{}}]},"3":{"loc":{"start":{"line":61,"column":8},"end":{"line":61,"column":52}},"type":"binary-expr","locations":[{"start":{"line":61,"column":8},"end":{"line":61,"column":14}},{"start":{"line":61,"column":18},"end":{"line":61,"column":52}}]},"4":{"loc":{"start":{"line":70,"column":4},"end":{"line":72,"column":5}},"type":"if","locations":[{"start":{"line":70,"column":4},"end":{"line":72,"column":5}},{"start":{},"end":{}}]},"5":{"loc":{"start":{"line":87,"column":4},"end":{"line":101,"column":5}},"type":"if","locations":[{"start":{"line":87,"column":4},"end":{"line":101,"column":5}},{"start":{"line":91,"column":11},"end":{"line":101,"column":5}}]},"6":{"loc":{"start":{"line":91,"column":11},"end":{"line":101,"column":5}},"type":"if","locations":[{"start":{"line":91,"column":11},"end":{"line":101,"column":5}},{"start":{},"end":{}}]},"7":{"loc":{"start":{"line":91,"column":15},"end":{"line":91,"column":47}},"type":"binary-expr","locations":[{"start":{"line":91,"column":15},"end":{"line":91,"column":19}},{"start":{"line":91,"column":23},"end":{"line":91,"column":47}}]},"8":{"loc":{"start":{"line":94,"column":6},"end":{"line":96,"column":7}},"type":"if","locations":[{"start":{"line":94,"column":6},"end":{"line":96,"column":7}},{"start":{},"end":{}}]},"9":{"loc":{"start":{"line":94,"column":10},"end":{"line":94,"column":47}},"type":"binary-expr","locations":[{"start":{"line":94,"column":10},"end":{"line":94,"column":18}},{"start":{"line":94,"column":22},"end":{"line":94,"column":47}}]},"10":{"loc":{"start":{"line":115,"column":4},"end":{"line":115,"column":17}},"type":"default-arg","locations":[{"start":{"line":115,"column":13},"end":{"line":115,"column":17}}]},"11":{"loc":{"start":{"line":125,"column":6},"end":{"line":127,"column":7}},"type":"if","locations":[{"start":{"line":125,"column":6},"end":{"line":127,"column":7}},{"start":{},"end":{}}]},"12":{"loc":{"start":{"line":143,"column":11},"end":{"line":143,"column":67}},"type":"cond-expr","locations":[{"start":{"line":143,"column":26},"end":{"line":143,"column":45}},{"start":{"line":143,"column":49},"end":{"line":143,"column":67}}]}},"s":{"0":1,"1":1,"2":1,"3":1,"4":7,"5":7,"6":7,"7":3,"8":7,"9":1,"10":6,"11":7,"12":2,"13":1,"14":1,"15":6,"16":6,"17":6,"18":6,"19":6,"20":6,"21":1,"22":5,"23":5,"24":0,"25":5,"26":5,"27":5,"28":5,"29":5,"30":34,"31":34,"32":4,"33":6,"34":30,"35":10,"36":10,"37":4,"38":10,"39":26,"40":34,"41":1,"42":8,"43":8,"44":8,"45":1,"46":1,"47":1,"48":1,"49":0,"50":1,"51":1,"52":1,"53":1,"54":4},"f":{"0":7,"1":7,"2":2,"3":1,"4":1,"5":6,"6":6,"7":34,"8":8,"9":1,"10":1,"11":4},"b":{"0":[3,4],"1":[1,6],"2":[1,5],"3":[6,2],"4":[0,5],"5":[4,30],"6":[10,20],"7":[30,30],"8":[4,6],"9":[10,10],"10":[6],"11":[1,0],"12":[3,1]}}
}
