TN:
SF:src/client.ts
FN:21,(anonymous_0)
FN:35,(anonymous_1)
FN:39,(anonymous_2)
FN:43,(anonymous_3)
FN:47,(anonymous_4)
FN:51,(anonymous_5)
FN:56,(anonymous_6)
FN:84,(anonymous_7)
FN:112,(anonymous_8)
FN:122,(anonymous_9)
FN:132,(anonymous_10)
FN:142,(anonymous_11)
FNF:12
FNH:12
FNDA:7,(anonymous_0)
FNDA:7,(anonymous_1)
FNDA:2,(anonymous_2)
FNDA:1,(anonymous_3)
FNDA:1,(anonymous_4)
FNDA:6,(anonymous_5)
FNDA:6,(anonymous_6)
FNDA:34,(anonymous_7)
FNDA:8,(anonymous_8)
FNDA:1,(anonymous_9)
FNDA:1,(anonymous_10)
FNDA:4,(anonymous_11)
DA:1,1
DA:9,1
DA:10,1
DA:12,1
DA:14,1
DA:19,7
DA:22,7
DA:24,7
DA:25,3
DA:28,7
DA:29,1
DA:32,6
DA:36,7
DA:40,2
DA:44,1
DA:48,1
DA:52,6
DA:53,6
DA:57,6
DA:58,6
DA:59,6
DA:61,6
DA:62,1
DA:65,5
DA:70,5
DA:71,0
DA:74,5
DA:76,5
DA:77,5
DA:79,5
DA:81,5
DA:85,34
DA:87,34
DA:88,4
DA:89,6
DA:91,30
DA:92,10
DA:94,10
DA:95,4
DA:98,10
DA:99,26
DA:103,34
DA:117,8
DA:118,8
DA:119,8
DA:123,1
DA:124,1
DA:125,1
DA:126,1
DA:129,0
DA:133,1
DA:134,1
DA:135,1
DA:137,1
DA:143,4
LF:55
LH:53
BRDA:24,0,0,3
BRDA:24,0,1,4
BRDA:28,1,0,1
BRDA:28,1,1,6
BRDA:61,2,0,1
BRDA:61,2,1,5
BRDA:61,3,0,6
BRDA:61,3,1,2
BRDA:70,4,0,0
BRDA:70,4,1,5
BRDA:87,5,0,4
BRDA:87,5,1,30
BRDA:91,6,0,10
BRDA:91,6,1,20
BRDA:91,7,0,30
BRDA:91,7,1,30
BRDA:94,8,0,4
BRDA:94,8,1,6
BRDA:94,9,0,10
BRDA:94,9,1,10
BRDA:115,10,0,6
BRDA:125,11,0,1
BRDA:125,11,1,0
BRDA:143,12,0,3
BRDA:143,12,1,1
BRF:25
BRH:23
end_of_record
